2025-08-28 20:36:25,274 - NOTE: 
[USE] BaseNet, 
[DO] dropout(0.5), 
[DO] data enhancement
2025-08-28 20:36:25,274 - DEVICE:
cuda
2025-08-28 20:36:25,274 - MODEL INFO:
BaseNet(
  (cnn): Sequential(
    (0): Conv2d(3, 64, kernel_size=(3, 3), stride=(1, 1), padding=(1, 1))
    (1): BatchNorm2d(64, eps=1e-05, momentum=0.1, affine=True, track_running_stats=True)
    (2): ReLU()
    (3): MaxPool2d(kernel_size=2, stride=2, padding=0, dilation=1, ceil_mode=False)
    (4): Conv2d(64, 128, kernel_size=(3, 3), stride=(1, 1), padding=(1, 1))
    (5): BatchNorm2d(128, eps=1e-05, momentum=0.1, affine=True, track_running_stats=True)
    (6): ReLU()
    (7): MaxPool2d(kernel_size=2, stride=2, padding=0, dilation=1, ceil_mode=False)
    (8): Conv2d(128, 256, kernel_size=(3, 3), stride=(1, 1), padding=(1, 1))
    (9): BatchNorm2d(256, eps=1e-05, momentum=0.1, affine=True, track_running_stats=True)
    (10): ReLU()
    (11): MaxPool2d(kernel_size=2, stride=2, padding=0, dilation=1, ceil_mode=False)
    (12): Conv2d(256, 128, kernel_size=(3, 3), stride=(1, 1), padding=(1, 1))
    (13): BatchNorm2d(128, eps=1e-05, momentum=0.1, affine=True, track_running_stats=True)
    (14): ReLU()
    (15): MaxPool2d(kernel_size=2, stride=2, padding=0, dilation=1, ceil_mode=False)
  )
  (fc): Sequential(
    (0): Linear(in_features=8192, out_features=1024, bias=True)
    (1): ReLU()
    (2): Dropout(p=0.5, inplace=False)
    (3): Linear(in_features=1024, out_features=512, bias=True)
    (4): ReLU()
    (5): Dropout(p=0.5, inplace=False)
    (6): Linear(in_features=512, out_features=11, bias=True)
  )
)
2025-08-28 20:36:25,384 - FORWARD INFO:
Input:(1, 3, 128, 128)
==========================================================================================
Layer (type:depth-idx)                   Output Shape              Param #
==========================================================================================
BaseNet                                  [1, 11]                   --
├─Sequential: 1-1                        [1, 128, 8, 8]            --
│    └─Conv2d: 2-1                       [1, 64, 128, 128]         1,792
│    └─BatchNorm2d: 2-2                  [1, 64, 128, 128]         128
│    └─ReLU: 2-3                         [1, 64, 128, 128]         --
│    └─MaxPool2d: 2-4                    [1, 64, 64, 64]           --
│    └─Conv2d: 2-5                       [1, 128, 64, 64]          73,856
│    └─BatchNorm2d: 2-6                  [1, 128, 64, 64]          256
│    └─ReLU: 2-7                         [1, 128, 64, 64]          --
│    └─MaxPool2d: 2-8                    [1, 128, 32, 32]          --
│    └─Conv2d: 2-9                       [1, 256, 32, 32]          295,168
│    └─BatchNorm2d: 2-10                 [1, 256, 32, 32]          512
│    └─ReLU: 2-11                        [1, 256, 32, 32]          --
│    └─MaxPool2d: 2-12                   [1, 256, 16, 16]          --
│    └─Conv2d: 2-13                      [1, 128, 16, 16]          295,040
│    └─BatchNorm2d: 2-14                 [1, 128, 16, 16]          256
│    └─ReLU: 2-15                        [1, 128, 16, 16]          --
│    └─MaxPool2d: 2-16                   [1, 128, 8, 8]            --
├─Sequential: 1-2                        [1, 11]                   --
│    └─Linear: 2-17                      [1, 1024]                 8,389,632
│    └─ReLU: 2-18                        [1, 1024]                 --
│    └─Dropout: 2-19                     [1, 1024]                 --
│    └─Linear: 2-20                      [1, 512]                  524,800
│    └─ReLU: 2-21                        [1, 512]                  --
│    └─Dropout: 2-22                     [1, 512]                  --
│    └─Linear: 2-23                      [1, 11]                   5,643
==========================================================================================
Total params: 9,587,083
Trainable params: 9,587,083
Non-trainable params: 0
Total mult-adds (M): 718.58
==========================================================================================
Input size (MB): 0.20
Forward/backward pass size (MB): 29.90
Params size (MB): 38.35
Estimated Total Size (MB): 68.44
==========================================================================================
2025-08-28 20:36:25,384 - CONFIG INFO:
{   'batch_size': 128,
    'checkpoints_dir': './checkpoints/20250828_203602',
    'clip_flag': True,
    'data_dir': './data/food11',
    'early_stop': 50,
    'loggers_dir': './loggers/20250828_203602',
    'lr': 0.0005,
    'n_epoch': 200,
    'num_workers': 0,
    'seed': 6666,
    'weight_decay': 0.0005}
