epoch 0 step 0 d_loss: 0.7872
epoch 0 step 1 d_loss: 0.8080
epoch 0 step 2 d_loss: 0.6999
epoch 0 step 3 d_loss: 0.5260
epoch 0 step 4 d_loss: 0.4074
epoch 0 step 5 d_loss: 0.3520
epoch 0 step 6 d_loss: 0.2892
epoch 0 step 7 d_loss: 0.2749
epoch 0 step 8 d_loss: 0.2430
epoch 0 step 9 d_loss: 0.2389
epoch 0 step 10 d_loss: 0.2035
epoch 0 step 11 d_loss: 0.1529
epoch 0 step 12 d_loss: 0.1682
epoch 0 step 13 d_loss: 0.1628
epoch 0 step 14 d_loss: 0.1463
epoch 0 step 15 d_loss: 0.1476
epoch 0 step 16 d_loss: 0.1452
epoch 0 step 17 d_loss: 0.1200
epoch 0 step 18 d_loss: 0.1363
epoch 0 step 19 d_loss: 0.1039
epoch 0 step 20 d_loss: 0.1097
epoch 0 step 21 d_loss: 0.1053
epoch 0 step 22 d_loss: 0.1016
epoch 0 step 23 d_loss: 0.1183
epoch 0 step 24 d_loss: 0.0911
epoch 0 step 25 d_loss: 0.0941
epoch 0 step 26 d_loss: 0.0848
epoch 0 step 27 d_loss: 0.0875
epoch 0 step 28 d_loss: 0.0791
epoch 0 step 29 d_loss: 0.0760
epoch 0 step 30 d_loss: 0.0945
epoch 0 step 31 d_loss: 0.0639
epoch 0 step 32 d_loss: 0.0806
epoch 0 step 33 d_loss: 0.0724
epoch 0 step 34 d_loss: 0.0685
epoch 0 step 35 d_loss: 0.0691
epoch 0 step 36 d_loss: 0.0674
epoch 0 step 37 d_loss: 0.0609
epoch 0 step 38 d_loss: 0.0591
epoch 0 step 39 d_loss: 0.0619
epoch 0 step 40 d_loss: 0.0641
epoch 0 step 41 d_loss: 0.0562
epoch 0 step 42 d_loss: 0.0689
epoch 0 step 43 d_loss: 0.0482
epoch 0 step 44 d_loss: 0.0654
epoch 0 step 45 d_loss: 0.0516
epoch 0 step 46 d_loss: 0.0556
epoch 0 step 47 d_loss: 0.0556
epoch 0 step 48 d_loss: 0.0444
epoch 0 step 49 d_loss: 0.0451
epoch 0 step 50 d_loss: 0.0506
epoch 0 step 51 d_loss: 0.0520
epoch 0 step 52 d_loss: 0.0424
epoch 0 step 53 d_loss: 0.0418
epoch 0 step 54 d_loss: 0.0385
epoch 0 step 55 d_loss: 0.0399
epoch 0 step 56 d_loss: 0.0407
epoch 0 step 57 d_loss: 0.0380
epoch 0 step 58 d_loss: 0.0365
epoch 0 step 59 d_loss: 0.0347
epoch 0 step 60 d_loss: 0.0392
epoch 0 step 61 d_loss: 0.0321
epoch 0 step 62 d_loss: 0.0328
epoch 0 step 63 d_loss: 0.0308
epoch 0 step 64 d_loss: 0.0272
epoch 0 step 65 d_loss: 0.0382
epoch 0 step 66 d_loss: 0.0330
epoch 0 step 67 d_loss: 0.0309
epoch 0 step 68 d_loss: 0.0278
epoch 1 step 69 d_loss: 0.0307
epoch 1 step 70 d_loss: 0.0285
epoch 1 step 71 d_loss: 0.0323
epoch 1 step 72 d_loss: 0.0320
epoch 1 step 73 d_loss: 0.0289
epoch 1 step 74 d_loss: 0.0232
epoch 1 step 75 d_loss: 0.0243
epoch 1 step 76 d_loss: 0.0240
epoch 1 step 77 d_loss: 0.0245
epoch 1 step 78 d_loss: 0.0255
epoch 1 step 79 d_loss: 0.0233
epoch 1 step 80 d_loss: 0.0256
epoch 1 step 81 d_loss: 0.0325
epoch 1 step 82 d_loss: 0.0233
epoch 1 step 83 d_loss: 0.0224
epoch 1 step 84 d_loss: 0.0227
epoch 1 step 85 d_loss: 0.0230
epoch 1 step 86 d_loss: 0.0246
epoch 1 step 87 d_loss: 0.0228
epoch 1 step 88 d_loss: 0.0172
epoch 1 step 89 d_loss: 0.0199
epoch 1 step 90 d_loss: 0.0211
epoch 1 step 91 d_loss: 0.0221
epoch 1 step 92 d_loss: 0.0230
epoch 1 step 93 d_loss: 0.0237
epoch 1 step 94 d_loss: 0.0187
epoch 1 step 95 d_loss: 0.0249
epoch 1 step 96 d_loss: 0.0237
epoch 1 step 97 d_loss: 0.0198
epoch 1 step 98 d_loss: 0.0223
epoch 1 step 99 d_loss: 0.0210
epoch 1 step 100 d_loss: 0.0177
epoch 1 step 101 d_loss: 0.0181
epoch 1 step 102 d_loss: 0.0172
epoch 1 step 103 d_loss: 0.0201
epoch 1 step 104 d_loss: 0.0193
epoch 1 step 105 d_loss: 0.0132
epoch 1 step 106 d_loss: 0.0170
epoch 1 step 107 d_loss: 0.0153
epoch 1 step 108 d_loss: 0.0157
epoch 1 step 109 d_loss: 0.0152
epoch 1 step 110 d_loss: 0.0151
epoch 1 step 111 d_loss: 0.0142
epoch 1 step 112 d_loss: 0.0149
epoch 1 step 113 d_loss: 0.0168
epoch 1 step 114 d_loss: 0.0172
epoch 1 step 115 d_loss: 0.0135
epoch 1 step 116 d_loss: 0.0161
epoch 1 step 117 d_loss: 0.0117
epoch 1 step 118 d_loss: 0.0126
epoch 1 step 119 d_loss: 0.0133
epoch 1 step 120 d_loss: 0.0129
epoch 1 step 121 d_loss: 0.0123
epoch 1 step 122 d_loss: 0.0124
epoch 1 step 123 d_loss: 0.0132
epoch 1 step 124 d_loss: 0.0085
epoch 1 step 125 d_loss: 0.0105
epoch 1 step 126 d_loss: 0.0107
epoch 1 step 127 d_loss: 0.0097
epoch 1 step 128 d_loss: 0.0107
epoch 1 step 129 d_loss: 0.0133
epoch 1 step 130 d_loss: 0.0120
epoch 1 step 131 d_loss: 0.0120
epoch 1 step 132 d_loss: 0.0069
epoch 1 step 133 d_loss: 0.0072
epoch 1 step 134 d_loss: 0.0096
epoch 1 step 135 d_loss: 0.0100
epoch 1 step 136 d_loss: 0.0078
epoch 1 step 137 d_loss: 0.0111
epoch 2 step 138 d_loss: 0.0094
epoch 2 step 139 d_loss: 0.0081
epoch 2 step 140 d_loss: 0.0114
epoch 2 step 141 d_loss: 0.0113
epoch 2 step 142 d_loss: 0.0095
epoch 2 step 143 d_loss: 0.0124
epoch 2 step 144 d_loss: 0.0119
epoch 2 step 145 d_loss: 0.0111
epoch 2 step 146 d_loss: 0.0088
epoch 2 step 147 d_loss: 0.0105
epoch 2 step 148 d_loss: 0.0103
epoch 2 step 149 d_loss: 0.0092
epoch 2 step 150 d_loss: 0.0090
epoch 2 step 151 d_loss: 0.0087
epoch 2 step 152 d_loss: 0.0099
epoch 2 step 153 d_loss: 0.0100
epoch 2 step 154 d_loss: 0.0072
epoch 2 step 155 d_loss: 0.0093
epoch 2 step 156 d_loss: 0.0104
epoch 2 step 157 d_loss: 0.0085
epoch 2 step 158 d_loss: 0.0100
epoch 2 step 159 d_loss: 0.0077
epoch 2 step 160 d_loss: 0.0091
epoch 2 step 161 d_loss: 0.0096
epoch 2 step 162 d_loss: 0.0073
epoch 2 step 163 d_loss: 0.0077
epoch 2 step 164 d_loss: 0.0078
epoch 2 step 165 d_loss: 0.0072
epoch 2 step 166 d_loss: 0.0077
epoch 2 step 167 d_loss: 0.0083
epoch 2 step 168 d_loss: 0.0070
epoch 2 step 169 d_loss: 0.0074
epoch 2 step 170 d_loss: 0.0079
epoch 2 step 171 d_loss: 0.0077
epoch 2 step 172 d_loss: 0.0075
epoch 2 step 173 d_loss: 0.0066
epoch 2 step 174 d_loss: 0.0061
epoch 2 step 175 d_loss: 0.0045
epoch 2 step 176 d_loss: 0.0055
epoch 2 step 177 d_loss: 0.0057
epoch 2 step 178 d_loss: 0.0070
epoch 2 step 179 d_loss: 0.0061
epoch 2 step 180 d_loss: 0.0061
epoch 2 step 181 d_loss: 0.0051
epoch 2 step 182 d_loss: 0.0060
epoch 2 step 183 d_loss: 0.0052
epoch 2 step 184 d_loss: 0.0045
epoch 2 step 185 d_loss: 0.0043
epoch 2 step 186 d_loss: 0.0043
epoch 2 step 187 d_loss: 0.0091
epoch 2 step 188 d_loss: 0.0041
epoch 2 step 189 d_loss: 0.0041
epoch 2 step 190 d_loss: 0.0038
epoch 2 step 191 d_loss: 0.0051
epoch 2 step 192 d_loss: 0.0050
epoch 2 step 193 d_loss: 0.0082
epoch 2 step 194 d_loss: 0.0057
epoch 2 step 195 d_loss: 0.0053
epoch 2 step 196 d_loss: 0.0043
epoch 2 step 197 d_loss: 0.0035
epoch 2 step 198 d_loss: 0.0054
epoch 2 step 199 d_loss: 0.0049
epoch 2 step 200 d_loss: 0.0041
epoch 2 step 201 d_loss: 0.0041
epoch 2 step 202 d_loss: 0.0041
epoch 2 step 203 d_loss: 0.0039
epoch 2 step 204 d_loss: 0.0037
epoch 2 step 205 d_loss: 0.0046
epoch 2 step 206 d_loss: 0.0042
epoch 3 step 207 d_loss: 0.0037
epoch 3 step 208 d_loss: 0.0037
epoch 3 step 209 d_loss: 0.0029
epoch 3 step 210 d_loss: 0.0041
epoch 3 step 211 d_loss: 0.0049
epoch 3 step 212 d_loss: 0.0040
epoch 3 step 213 d_loss: 0.0040
epoch 3 step 214 d_loss: 0.0039
epoch 3 step 215 d_loss: 0.0036
epoch 3 step 216 d_loss: 0.0051
epoch 3 step 217 d_loss: 0.0053
epoch 3 step 218 d_loss: 0.0045
epoch 3 step 219 d_loss: 0.0036
epoch 3 step 220 d_loss: 0.0046
epoch 3 step 221 d_loss: 0.0039
epoch 3 step 222 d_loss: 0.0042
epoch 3 step 223 d_loss: 0.0044
epoch 3 step 224 d_loss: 0.0049
epoch 3 step 225 d_loss: 0.0038
epoch 3 step 226 d_loss: 0.0036
epoch 3 step 227 d_loss: 0.0036
epoch 3 step 228 d_loss: 0.0062
epoch 3 step 229 d_loss: 0.0051
epoch 3 step 230 d_loss: 0.0036
epoch 3 step 231 d_loss: 0.0037
epoch 3 step 232 d_loss: 0.0044
epoch 3 step 233 d_loss: 0.0051
epoch 3 step 234 d_loss: 0.0041
epoch 3 step 235 d_loss: 0.0056
epoch 3 step 236 d_loss: 0.0049
epoch 3 step 237 d_loss: 0.0042
epoch 3 step 238 d_loss: 0.0040
epoch 3 step 239 d_loss: 0.0033
epoch 3 step 240 d_loss: 0.0036
epoch 3 step 241 d_loss: 0.0049
epoch 3 step 242 d_loss: 0.0037
epoch 3 step 243 d_loss: 0.0049
epoch 3 step 244 d_loss: 0.0041
epoch 3 step 245 d_loss: 0.0044
epoch 3 step 246 d_loss: 0.0043
epoch 3 step 247 d_loss: 0.0048
epoch 3 step 248 d_loss: 0.0044
epoch 3 step 249 d_loss: 0.0041
epoch 3 step 250 d_loss: 0.0054
epoch 3 step 251 d_loss: 0.0049
epoch 3 step 252 d_loss: 0.0052
epoch 3 step 253 d_loss: 0.0045
epoch 3 step 254 d_loss: 0.0037
epoch 3 step 255 d_loss: 0.0047
epoch 3 step 256 d_loss: 0.0050
epoch 3 step 257 d_loss: 0.0053
epoch 3 step 258 d_loss: 0.0041
epoch 3 step 259 d_loss: 0.0043
epoch 3 step 260 d_loss: 0.0046
epoch 3 step 261 d_loss: 0.0040
epoch 3 step 262 d_loss: 0.0047
epoch 3 step 263 d_loss: 0.0060
epoch 3 step 264 d_loss: 0.0051
epoch 3 step 265 d_loss: 0.0032
epoch 3 step 266 d_loss: 0.0079
epoch 3 step 267 d_loss: 0.0374
epoch 3 step 268 d_loss: 3.5305
epoch 3 step 269 d_loss: 1.1968
epoch 3 step 270 d_loss: 1.2484
epoch 3 step 271 d_loss: 0.4494
epoch 3 step 272 d_loss: 0.0670
epoch 3 step 273 d_loss: 0.0184
epoch 3 step 274 d_loss: 0.0050
epoch 3 step 275 d_loss: 0.0061
epoch 4 step 276 d_loss: 0.0034
epoch 4 step 277 d_loss: 0.0051
epoch 4 step 278 d_loss: 0.0333
epoch 4 step 279 d_loss: 0.1001
epoch 4 step 280 d_loss: 0.0117
epoch 4 step 281 d_loss: 0.0132
epoch 4 step 282 d_loss: 0.0225
epoch 4 step 283 d_loss: 0.1593
epoch 4 step 284 d_loss: 0.0382
epoch 4 step 285 d_loss: 0.0576
epoch 4 step 286 d_loss: 0.0514
epoch 4 step 287 d_loss: 0.4757
epoch 4 step 288 d_loss: 0.2541
epoch 4 step 289 d_loss: 0.0461
epoch 4 step 290 d_loss: 0.0136
epoch 4 step 291 d_loss: 0.0031
epoch 4 step 292 d_loss: 0.0028
epoch 4 step 293 d_loss: 0.0022
epoch 4 step 294 d_loss: 0.0015
epoch 4 step 295 d_loss: 0.0015
epoch 4 step 296 d_loss: 0.0010
epoch 4 step 297 d_loss: 0.0009
epoch 4 step 298 d_loss: 0.0068
epoch 4 step 299 d_loss: 0.1873
epoch 4 step 300 d_loss: 0.0086
epoch 4 step 301 d_loss: 0.0286
epoch 4 step 302 d_loss: 0.0285
epoch 4 step 303 d_loss: 0.0203
epoch 4 step 304 d_loss: 0.0090
epoch 4 step 305 d_loss: 0.1159
epoch 4 step 306 d_loss: 0.0168
epoch 4 step 307 d_loss: 0.0205
epoch 4 step 308 d_loss: 0.0808
epoch 4 step 309 d_loss: 0.0282
epoch 4 step 310 d_loss: 0.0227
epoch 4 step 311 d_loss: 0.0462
epoch 4 step 312 d_loss: 0.0127
epoch 4 step 313 d_loss: 0.0169
epoch 4 step 314 d_loss: 0.0471
epoch 4 step 315 d_loss: 0.0140
epoch 4 step 316 d_loss: 0.0221
epoch 4 step 317 d_loss: 0.0872
epoch 4 step 318 d_loss: 0.0266
epoch 4 step 319 d_loss: 0.0263
epoch 4 step 320 d_loss: 0.0087
epoch 4 step 321 d_loss: 0.0093
epoch 4 step 322 d_loss: 0.1409
epoch 4 step 323 d_loss: 0.0223
epoch 4 step 324 d_loss: 0.0307
epoch 4 step 325 d_loss: 0.0148
epoch 4 step 326 d_loss: 0.0090
epoch 4 step 327 d_loss: 0.0036
epoch 4 step 328 d_loss: 0.0030
epoch 4 step 329 d_loss: 0.0030
epoch 4 step 330 d_loss: 0.0468
epoch 4 step 331 d_loss: 0.0099
epoch 4 step 332 d_loss: 0.0109
epoch 4 step 333 d_loss: 0.0376
epoch 4 step 334 d_loss: 0.0116
epoch 4 step 335 d_loss: 0.0185
epoch 4 step 336 d_loss: 0.0389
epoch 4 step 337 d_loss: 0.0157
epoch 4 step 338 d_loss: 0.0159
epoch 4 step 339 d_loss: 0.0672
epoch 4 step 340 d_loss: 0.0093
epoch 4 step 341 d_loss: 0.0132
epoch 4 step 342 d_loss: 0.0123
epoch 4 step 343 d_loss: 0.0091
epoch 4 step 344 d_loss: 0.0988
epoch 5 step 345 d_loss: 0.0183
epoch 5 step 346 d_loss: 0.0175
epoch 5 step 347 d_loss: 0.0081
epoch 5 step 348 d_loss: 0.0066
epoch 5 step 349 d_loss: 0.0043
epoch 5 step 350 d_loss: 0.0024
epoch 5 step 351 d_loss: 0.0053
epoch 5 step 352 d_loss: 0.0465
epoch 5 step 353 d_loss: 0.0058
epoch 5 step 354 d_loss: 0.0101
epoch 5 step 355 d_loss: 0.0127
epoch 5 step 356 d_loss: 0.0303
epoch 5 step 357 d_loss: 0.0081
epoch 5 step 358 d_loss: 0.0112
epoch 5 step 359 d_loss: 0.0267
epoch 5 step 360 d_loss: 0.0112
epoch 5 step 361 d_loss: 0.0111
epoch 5 step 362 d_loss: 0.0339
epoch 5 step 363 d_loss: 0.0128
epoch 5 step 364 d_loss: 0.0143
epoch 5 step 365 d_loss: 0.0148
epoch 5 step 366 d_loss: 0.0106
epoch 5 step 367 d_loss: 0.0125
epoch 5 step 368 d_loss: 0.0176
epoch 5 step 369 d_loss: 0.0127
epoch 5 step 370 d_loss: 0.0096
epoch 5 step 371 d_loss: 0.0078
epoch 5 step 372 d_loss: 0.0166
epoch 5 step 373 d_loss: 0.0161
epoch 5 step 374 d_loss: 0.0098
epoch 5 step 375 d_loss: 0.0151
epoch 5 step 376 d_loss: 0.0115
epoch 5 step 377 d_loss: 0.0123
epoch 5 step 378 d_loss: 0.0100
epoch 5 step 379 d_loss: 0.0098
epoch 5 step 380 d_loss: 0.0127
epoch 5 step 381 d_loss: 0.0108
epoch 5 step 382 d_loss: 0.0100
epoch 5 step 383 d_loss: 0.0051
epoch 5 step 384 d_loss: 0.0067
epoch 5 step 385 d_loss: 0.0086
epoch 5 step 386 d_loss: 0.0154
epoch 5 step 387 d_loss: 0.0058
epoch 5 step 388 d_loss: 0.0061
epoch 5 step 389 d_loss: 0.0063
epoch 5 step 390 d_loss: 0.0071
epoch 5 step 391 d_loss: 0.0144
epoch 5 step 392 d_loss: 0.0074
epoch 5 step 393 d_loss: 0.0082
epoch 5 step 394 d_loss: 0.0080
epoch 5 step 395 d_loss: 0.0067
epoch 5 step 396 d_loss: 0.0046
epoch 5 step 397 d_loss: 0.0044
epoch 5 step 398 d_loss: 0.0063
epoch 5 step 399 d_loss: 0.0109
epoch 5 step 400 d_loss: 0.0046
epoch 5 step 401 d_loss: 0.0057
epoch 5 step 402 d_loss: 0.0051
epoch 5 step 403 d_loss: 0.0054
epoch 5 step 404 d_loss: 0.0071
epoch 5 step 405 d_loss: 0.0041
epoch 5 step 406 d_loss: 0.0075
epoch 5 step 407 d_loss: 0.0051
epoch 5 step 408 d_loss: 0.0048
epoch 5 step 409 d_loss: 0.0045
epoch 5 step 410 d_loss: 0.0052
epoch 5 step 411 d_loss: 0.0063
epoch 5 step 412 d_loss: 0.0073
epoch 5 step 413 d_loss: 0.0049
epoch 6 step 414 d_loss: 0.0047
epoch 6 step 415 d_loss: 0.0055
epoch 6 step 416 d_loss: 0.0036
epoch 6 step 417 d_loss: 0.0087
epoch 6 step 418 d_loss: 0.0059
epoch 6 step 419 d_loss: 0.0026
epoch 6 step 420 d_loss: 0.0031
epoch 6 step 421 d_loss: 0.0070
epoch 6 step 422 d_loss: 0.0065
epoch 6 step 423 d_loss: 0.0033
epoch 6 step 424 d_loss: 0.0032
epoch 6 step 425 d_loss: 0.0055
epoch 6 step 426 d_loss: 0.0071
epoch 6 step 427 d_loss: 0.0049
epoch 6 step 428 d_loss: 0.0041
epoch 6 step 429 d_loss: 0.0057
epoch 6 step 430 d_loss: 0.0057
epoch 6 step 431 d_loss: 0.0070
epoch 6 step 432 d_loss: 0.0070
epoch 6 step 433 d_loss: 0.0070
epoch 6 step 434 d_loss: 0.0041
epoch 6 step 435 d_loss: 0.0046
epoch 6 step 436 d_loss: 0.0076
epoch 6 step 437 d_loss: 0.0064
epoch 6 step 438 d_loss: 0.0108
epoch 6 step 439 d_loss: 0.0056
epoch 6 step 440 d_loss: 0.0028
epoch 6 step 441 d_loss: 0.0075
epoch 6 step 442 d_loss: 0.0087
epoch 6 step 443 d_loss: 0.0053
epoch 6 step 444 d_loss: 0.0049
epoch 6 step 445 d_loss: 0.0055
epoch 6 step 446 d_loss: 0.0113
epoch 6 step 447 d_loss: 0.0079
epoch 6 step 448 d_loss: 0.0076
epoch 6 step 449 d_loss: 0.0078
epoch 6 step 450 d_loss: 0.0102
epoch 6 step 451 d_loss: 0.0100
epoch 6 step 452 d_loss: 0.0119
epoch 6 step 453 d_loss: 0.0100
epoch 6 step 454 d_loss: 0.0059
epoch 6 step 455 d_loss: 0.0054
epoch 6 step 456 d_loss: 0.0087
epoch 6 step 457 d_loss: 0.0099
epoch 6 step 458 d_loss: 0.0074
epoch 6 step 459 d_loss: 0.0095
epoch 6 step 460 d_loss: 0.0122
epoch 6 step 461 d_loss: 0.0098
epoch 6 step 462 d_loss: 0.0084
epoch 6 step 463 d_loss: 0.0077
epoch 6 step 464 d_loss: 0.0138
epoch 6 step 465 d_loss: 0.0110
epoch 6 step 466 d_loss: 0.0108
epoch 6 step 467 d_loss: 0.0093
epoch 6 step 468 d_loss: 0.0118
epoch 6 step 469 d_loss: 0.0081
epoch 6 step 470 d_loss: 0.0075
epoch 6 step 471 d_loss: 0.0055
epoch 6 step 472 d_loss: 0.0117
epoch 6 step 473 d_loss: 0.0081
epoch 6 step 474 d_loss: 0.0103
epoch 6 step 475 d_loss: 0.0080
epoch 6 step 476 d_loss: 0.0065
epoch 6 step 477 d_loss: 0.0083
epoch 6 step 478 d_loss: 0.0077
epoch 6 step 479 d_loss: 0.0059
epoch 6 step 480 d_loss: 0.0049
epoch 6 step 481 d_loss: 0.0047
epoch 6 step 482 d_loss: 0.0078
epoch 7 step 483 d_loss: 0.0085
epoch 7 step 484 d_loss: 0.0079
epoch 7 step 485 d_loss: 0.0076
epoch 7 step 486 d_loss: 0.0081
epoch 7 step 487 d_loss: 0.0107
epoch 7 step 488 d_loss: 0.0084
epoch 7 step 489 d_loss: 0.0106
epoch 7 step 490 d_loss: 0.0061
epoch 7 step 491 d_loss: 0.0061
epoch 7 step 492 d_loss: 0.0053
epoch 7 step 493 d_loss: 0.0080
epoch 7 step 494 d_loss: 0.0072
epoch 7 step 495 d_loss: 0.0045
epoch 7 step 496 d_loss: 0.0039
epoch 7 step 497 d_loss: 0.0036
epoch 7 step 498 d_loss: 0.0050
epoch 7 step 499 d_loss: 0.0078
epoch 7 step 500 d_loss: 0.0057
epoch 7 step 501 d_loss: 0.0042
epoch 7 step 502 d_loss: 0.0047
epoch 7 step 503 d_loss: 0.0057
epoch 7 step 504 d_loss: 0.0040
epoch 7 step 505 d_loss: 0.0030
epoch 7 step 506 d_loss: 0.0074
epoch 7 step 507 d_loss: 0.0051
