2025-09-01 14:37:18,301 - NOTE: 
[USE] Generator and Discriminator
2025-09-01 14:37:18,301 - DEVICE:
cuda
2025-09-01 14:37:18,301 - GMODEL INFO:
Generator(
  (linear_layer): Sequential(
    (0): Linear(in_features=100, out_features=8192, bias=True)
    (1): BatchNorm1d(8192, eps=1e-05, momentum=0.1, affine=True, track_running_stats=True)
    (2): ReLU()
  )
  (transconvd_layer): Sequential(
    (0): ConvTranspose2d(512, 256, kernel_size=(5, 5), stride=(2, 2), padding=(2, 2), output_padding=(1, 1), bias=False)
    (1): BatchNorm2d(256, eps=1e-05, momentum=0.1, affine=True, track_running_stats=True)
    (2): ReLU()
    (3): ConvTranspose2d(256, 128, kernel_size=(5, 5), stride=(2, 2), padding=(2, 2), output_padding=(1, 1), bias=False)
    (4): BatchNorm2d(128, eps=1e-05, momentum=0.1, affine=True, track_running_stats=True)
    (5): ReLU()
    (6): ConvTranspose2d(128, 64, kernel_size=(5, 5), stride=(2, 2), padding=(2, 2), output_padding=(1, 1), bias=False)
    (7): BatchNorm2d(64, eps=1e-05, momentum=0.1, affine=True, track_running_stats=True)
    (8): ReLU()
    (9): ConvTranspose2d(64, 3, kernel_size=(5, 5), stride=(2, 2), padding=(2, 2), output_padding=(1, 1), bias=False)
    (10): BatchNorm2d(3, eps=1e-05, momentum=0.1, affine=True, track_running_stats=True)
    (11): Tanh()
  )
)
2025-09-01 14:37:18,397 - GMODEL FORWARD INFO:
Input:(1, 100)
==========================================================================================
Layer (type:depth-idx)                   Output Shape              Param #
==========================================================================================
├─Sequential: 1-1                        [-1, 8192]                --
|    └─Linear: 2-1                       [-1, 8192]                827,392
|    └─BatchNorm1d: 2-2                  [-1, 8192]                16,384
|    └─ReLU: 2-3                         [-1, 8192]                --
├─Sequential: 1-2                        [-1, 3, 64, 64]           --
|    └─ConvTranspose2d: 2-4              [-1, 256, 8, 8]           3,276,800
|    └─BatchNorm2d: 2-5                  [-1, 256, 8, 8]           512
|    └─ReLU: 2-6                         [-1, 256, 8, 8]           --
|    └─ConvTranspose2d: 2-7              [-1, 128, 16, 16]         819,200
|    └─BatchNorm2d: 2-8                  [-1, 128, 16, 16]         256
|    └─ReLU: 2-9                         [-1, 128, 16, 16]         --
|    └─ConvTranspose2d: 2-10             [-1, 64, 32, 32]          204,800
|    └─BatchNorm2d: 2-11                 [-1, 64, 32, 32]          128
|    └─ReLU: 2-12                        [-1, 64, 32, 32]          --
|    └─ConvTranspose2d: 2-13             [-1, 3, 64, 64]           4,800
|    └─BatchNorm2d: 2-14                 [-1, 3, 64, 64]           6
|    └─Tanh: 2-15                        [-1, 3, 64, 64]           --
==========================================================================================
Total params: 5,150,278
Trainable params: 5,150,278
Non-trainable params: 0
Total mult-adds (M): 654.77
==========================================================================================
Input size (MB): 0.00
Forward/backward pass size (MB): 2.06
Params size (MB): 19.65
Estimated Total Size (MB): 21.71
==========================================================================================
2025-09-01 14:37:18,397 - DMODEL INFO:
Discriminator(
  (Conv2d_layer): Sequential(
    (0): Conv2d(3, 64, kernel_size=(4, 4), stride=(2, 2), padding=(1, 1))
    (1): LeakyReLU(negative_slope=0.2)
    (2): Conv2d(64, 128, kernel_size=(4, 4), stride=(2, 2), padding=(1, 1))
    (3): BatchNorm2d(128, eps=1e-05, momentum=0.1, affine=True, track_running_stats=True)
    (4): LeakyReLU(negative_slope=0.2)
    (5): Conv2d(128, 256, kernel_size=(4, 4), stride=(2, 2), padding=(1, 1))
    (6): BatchNorm2d(256, eps=1e-05, momentum=0.1, affine=True, track_running_stats=True)
    (7): LeakyReLU(negative_slope=0.2)
    (8): Conv2d(256, 512, kernel_size=(4, 4), stride=(2, 2), padding=(1, 1))
    (9): BatchNorm2d(512, eps=1e-05, momentum=0.1, affine=True, track_running_stats=True)
    (10): LeakyReLU(negative_slope=0.2)
    (11): Conv2d(512, 1, kernel_size=(4, 4), stride=(1, 1))
    (12): Sigmoid()
  )
)
2025-09-01 14:37:18,431 - DMODEL FORWARD INFO:
Input:(1, 3, 64, 64)
==========================================================================================
Layer (type:depth-idx)                   Output Shape              Param #
==========================================================================================
├─Sequential: 1-1                        [-1, 1, 1, 1]             --
|    └─Conv2d: 2-1                       [-1, 64, 32, 32]          3,136
|    └─LeakyReLU: 2-2                    [-1, 64, 32, 32]          --
|    └─Conv2d: 2-3                       [-1, 128, 16, 16]         131,200
|    └─BatchNorm2d: 2-4                  [-1, 128, 16, 16]         256
|    └─LeakyReLU: 2-5                    [-1, 128, 16, 16]         --
|    └─Conv2d: 2-6                       [-1, 256, 8, 8]           524,544
|    └─BatchNorm2d: 2-7                  [-1, 256, 8, 8]           512
|    └─LeakyReLU: 2-8                    [-1, 256, 8, 8]           --
|    └─Conv2d: 2-9                       [-1, 512, 4, 4]           2,097,664
|    └─BatchNorm2d: 2-10                 [-1, 512, 4, 4]           1,024
|    └─LeakyReLU: 2-11                   [-1, 512, 4, 4]           --
|    └─Conv2d: 2-12                      [-1, 1, 1, 1]             8,193
|    └─Sigmoid: 2-13                     [-1, 1, 1, 1]             --
==========================================================================================
Total params: 2,766,529
Trainable params: 2,766,529
Non-trainable params: 0
Total mult-adds (M): 106.58
==========================================================================================
Input size (MB): 0.05
Forward/backward pass size (MB): 1.38
Params size (MB): 10.55
Estimated Total Size (MB): 11.98
==========================================================================================
2025-09-01 14:37:18,431 - CONFIG INFO:
{   'batch_size': 1024,
    'checkpoints_dir': './recorders/20250901_143718/checkpoints/',
    'continue': '',
    'datapath': './data/faces',
    'loggers_dir': './recorders/20250901_143718/loggers/',
    'lr': 0.0001,
    'n_critic': 1,
    'n_epoch': 50,
    'recorders_dir': './recorders/20250901_143718/',
    'seeds': 6666,
    'z_dim': 100}
2025-09-01 14:37:18,432 - NUM STEPS PER EPOCH (TRAIN):
69
