2025-08-31 10:15:31,446 - NOTE: 
[USE] Classifier, 
[DO] dropout(0.1), 
[NO] data enhancement
2025-08-31 10:15:31,446 - DEVICE:
cuda
2025-08-31 10:15:31,446 - MODEL INFO:
Classifier(
  (pre_net): Linear(in_features=40, out_features=80, bias=True)
  (encoder_layer): TransformerEncoderLayer(
    (self_attn): MultiheadAttention(
      (out_proj): NonDynamicallyQuantizableLinear(in_features=80, out_features=80, bias=True)
    )
    (linear1): Linear(in_features=80, out_features=256, bias=True)
    (dropout): Dropout(p=0.1, inplace=False)
    (linear2): Linear(in_features=256, out_features=80, bias=True)
    (norm1): LayerNorm((80,), eps=1e-05, elementwise_affine=True)
    (norm2): LayerNorm((80,), eps=1e-05, elementwise_affine=True)
    (dropout1): Dropout(p=0.1, inplace=False)
    (dropout2): Dropout(p=0.1, inplace=False)
  )
  (pred_layer): Sequential(
    (0): Linear(in_features=80, out_features=80, bias=True)
    (1): ReLU()
    (2): Dropout(p=0.1, inplace=False)
    (3): Linear(in_features=80, out_features=600, bias=True)
  )
)
2025-08-31 10:15:31,571 - FORWARD INFO:
Input:(1, 400, 40)
==========================================================================================
Layer (type:depth-idx)                   Output Shape              Param #
==========================================================================================
├─Linear: 1-1                            [-1, 400, 80]             3,280
├─TransformerEncoderLayer: 1-2           [-1, 400, 80]             --
|    └─MultiheadAttention: 2-1           [-1, 400, 80]             --
|    └─Dropout: 2-2                      [-1, 400, 80]             --
|    └─LayerNorm: 2-3                    [-1, 400, 80]             160
|    └─Linear: 2-4                       [-1, 400, 256]            20,736
|    └─Dropout: 2-5                      [-1, 400, 256]            --
|    └─Linear: 2-6                       [-1, 400, 80]             20,560
|    └─Dropout: 2-7                      [-1, 400, 80]             --
|    └─LayerNorm: 2-8                    [-1, 400, 80]             160
├─Sequential: 1-3                        [-1, 600]                 --
|    └─Linear: 2-9                       [-1, 80]                  6,480
|    └─ReLU: 2-10                        [-1, 80]                  --
|    └─Dropout: 2-11                     [-1, 80]                  --
|    └─Linear: 2-12                      [-1, 600]                 48,600
==========================================================================================
Total params: 99,976
Trainable params: 99,976
Non-trainable params: 0
Total mult-adds (M): 0.25
==========================================================================================
Input size (MB): 0.06
Forward/backward pass size (MB): 1.76
Params size (MB): 0.38
Estimated Total Size (MB): 2.21
==========================================================================================
2025-08-31 10:15:31,571 - CONFIG INFO:
{   'batch_size': 2048,
    'checkpoints_dir': './recorders/20250831_101508/checkpoints',
    'continue_flag': (False, 0, 0),
    'data_dir': './data/Voxceleb2_Part/',
    'early_stop': 50,
    'learning_rate': 0.01,
    'logger_dir': './recorders/20250831_101508/loggers',
    'n_epochs': 200,
    'n_workers': 0,
    'recorder_dir': './recorders/20250831_101508',
    'scheduler_flag': True,
    'seed': 6666,
    'warmup_steps': 1000}
2025-08-31 10:15:31,571 - NUM STEPS PER EPOCH (TRAIN):
22
